AnimatedIcons/app/build/intermediates/manifest_merge_blame_file/debug/manifest-merger-blame-debug-report.txt
1<?xml version="1.0" encoding="utf-8"?>
2<manifest xmlns:android="http://schemas.android.com/apk/res/android"
3    package="com.black.icon.animated"
4    android:versionCode="1"
5    android:versionName="1.0" >
6
7    <uses-sdk
8        android:minSdkVersion="16"
8-->src\main\AndroidManifest.xml
9        android:targetSdkVersion="30" />
9-->src\main\AndroidManifest.xml
10
11    <!-- Although the *SdkVersion is captured in gradle build files, this is required for non gradle builds -->
12    <!-- <uses-sdk android:minSdkVersion="14"/> -->
13    <uses-permission android:name="android.permission.ACCESS_NETWORK_STATE" />
13-->[com.google.firebase:firebase-storage:20.0.0] AndroidManifest.xml:26:5-79
13-->[com.google.firebase:firebase-storage:20.0.0] AndroidManifest.xml:26:22-76
14    <uses-permission android:name="android.permission.INTERNET" />
14-->[com.google.firebase:firebase-storage:20.0.0] AndroidManifest.xml:27:5-67
14-->[com.google.firebase:firebase-storage:20.0.0] AndroidManifest.xml:27:22-64
15
16    <application
16-->src\main\AndroidManifest.xml:5:5-19:19
17        android:allowBackup="true"
17-->src\main\AndroidManifest.xml:6:9-35
18        android:appComponentFactory="androidx.core.app.CoreComponentFactory"
18-->[androidx.core:core:1.5.0] AndroidManifest.xml:24:18-86
19        android:debuggable="true"
20        android:icon="@mipmap/ic_launcher"
20-->src\main\AndroidManifest.xml:7:9-43
21        android:label="@string/app_name"
21-->src\main\AndroidManifest.xml:8:9-41
22        android:roundIcon="@mipmap/ic_launcher_round"
22-->src\main\AndroidManifest.xml:9:9-54
23        android:supportsRtl="true"
23-->src\main\AndroidManifest.xml:10:9-35
24        android:testOnly="true"
25        android:theme="@style/Theme.AnimatedIcons" >
25-->src\main\AndroidManifest.xml:11:9-51
26        <activity android:name="com.black.icon.animated.MainActivity" >
26-->src\main\AndroidManifest.xml:12:9-18:20
26-->src\main\AndroidManifest.xml:12:19-47
27            <intent-filter>
27-->src\main\AndroidManifest.xml:13:13-17:29
28                <action android:name="android.intent.action.MAIN" />
28-->src\main\AndroidManifest.xml:14:17-69
28-->src\main\AndroidManifest.xml:14:25-66
29
30                <category android:name="android.intent.category.LAUNCHER" />
30-->src\main\AndroidManifest.xml:16:17-77
30-->src\main\AndroidManifest.xml:16:27-74
31            </intent-filter>
32        </activity>
33
34        <service
34-->[com.google.firebase:firebase-storage-ktx:20.0.0] AndroidManifest.xml:12:9-18:19
35            android:name="com.google.firebase.components.ComponentDiscoveryService"
35-->[com.google.firebase:firebase-storage-ktx:20.0.0] AndroidManifest.xml:13:13-84
36            android:directBootAware="true"
36-->[com.google.firebase:firebase-common:20.0.0] AndroidManifest.xml:35:13-43
37            android:exported="false" >
37-->[com.google.firebase:firebase-storage-ktx:20.0.0] AndroidManifest.xml:14:13-37
38            <meta-data
38-->[com.google.firebase:firebase-storage-ktx:20.0.0] AndroidManifest.xml:15:13-17:85
39                android:name="com.google.firebase.components:com.google.firebase.storage.ktx.FirebaseStorageKtxRegistrar"
39-->[com.google.firebase:firebase-storage-ktx:20.0.0] AndroidManifest.xml:16:17-122
40                android:value="com.google.firebase.components.ComponentRegistrar" />
40-->[com.google.firebase:firebase-storage-ktx:20.0.0] AndroidManifest.xml:17:17-82
41            <meta-data
41-->[com.google.firebase:firebase-common-ktx:20.0.0] AndroidManifest.xml:15:13-17:85
42                android:name="com.google.firebase.components:com.google.firebase.ktx.FirebaseCommonKtxRegistrar"
42-->[com.google.firebase:firebase-common-ktx:20.0.0] AndroidManifest.xml:16:17-113
43                android:value="com.google.firebase.components.ComponentRegistrar" />
43-->[com.google.firebase:firebase-common-ktx:20.0.0] AndroidManifest.xml:17:17-82
44            <meta-data
44-->[com.google.firebase:firebase-storage:20.0.0] AndroidManifest.xml:33:13-35:85
45                android:name="com.google.firebase.components:com.google.firebase.storage.StorageRegistrar"
45-->[com.google.firebase:firebase-storage:20.0.0] AndroidManifest.xml:34:17-107
46                android:value="com.google.firebase.components.ComponentRegistrar" />
46-->[com.google.firebase:firebase-storage:20.0.0] AndroidManifest.xml:35:17-82
47        </service>
48
49        <provider
49-->[com.google.firebase:firebase-common:20.0.0] AndroidManifest.xml:26:9-31:39
50            android:name="com.google.firebase.provider.FirebaseInitProvider"
50-->[com.google.firebase:firebase-common:20.0.0] AndroidManifest.xml:27:13-77
51            android:authorities="com.black.icon.animated.firebaseinitprovider"
51-->[com.google.firebase:firebase-common:20.0.0] AndroidManifest.xml:28:13-72
52            android:directBootAware="true"
52-->[com.google.firebase:firebase-common:20.0.0] AndroidManifest.xml:29:13-43
53            android:exported="false"
53-->[com.google.firebase:firebase-common:20.0.0] AndroidManifest.xml:30:13-37
54            android:initOrder="100" />
54-->[com.google.firebase:firebase-common:20.0.0] AndroidManifest.xml:31:13-36
55
56        <activity
56-->[com.google.android.gms:play-services-base:17.1.0] AndroidManifest.xml:23:9-26:75
57            android:name="com.google.android.gms.common.api.GoogleApiActivity"
57-->[com.google.android.gms:play-services-base:17.1.0] AndroidManifest.xml:24:13-79
58            android:exported="false"
58-->[com.google.android.gms:play-services-base:17.1.0] AndroidManifest.xml:25:13-37
59            android:theme="@android:style/Theme.Translucent.NoTitleBar" />
59-->[com.google.android.gms:play-services-base:17.1.0] AndroidManifest.xml:26:13-72
60
61        <meta-data
61-->[com.google.android.gms:play-services-basement:17.0.0] AndroidManifest.xml:23:9-25:69
62            android:name="com.google.android.gms.version"
62-->[com.google.android.gms:play-services-basement:17.0.0] AndroidManifest.xml:24:13-58
63            android:value="@integer/google_play_services_version" />
63-->[com.google.android.gms:play-services-basement:17.0.0] AndroidManifest.xml:25:13-66
64
65        <provider
65-->[androidx.lifecycle:lifecycle-process:2.2.0] AndroidManifest.xml:25:9-29:43
66            android:name="androidx.lifecycle.ProcessLifecycleOwnerInitializer"
66-->[androidx.lifecycle:lifecycle-process:2.2.0] AndroidManifest.xml:26:13-79
67            android:authorities="com.black.icon.animated.lifecycle-process"
67-->[androidx.lifecycle:lifecycle-process:2.2.0] AndroidManifest.xml:27:13-69
68            android:exported="false"
68-->[androidx.lifecycle:lifecycle-process:2.2.0] AndroidManifest.xml:28:13-37
69            android:multiprocess="true" />
69-->[androidx.lifecycle:lifecycle-process:2.2.0] AndroidManifest.xml:29:13-40
70    </application>
71
72</manifest>